[2012-08-04 12:28:57] request.ERROR: Symfony\Component\HttpKernel\Exception\NotFoundHttpException: No route found for "GET /" (uncaught exception) at /home/soufian/Web/symfony/vendor/symfony/src/Symfony/Bundle/FrameworkBundle/EventListener/RouterListener.php line 83 [] []
[2012-08-04 15:04:06] request.ERROR: Symfony\Component\HttpKernel\Exception\NotFoundHttpException: No route found for "GET /bundles/framework/css/exception_layout.css" (uncaught exception) at /home/soufian/Web/symfony/vendor/symfony/src/Symfony/Bundle/FrameworkBundle/EventListener/RouterListener.php line 83 [] []
[2012-08-04 15:04:06] request.ERROR: Symfony\Component\HttpKernel\Exception\NotFoundHttpException: No route found for "GET /bundles/framework/images/close_quote.gif" (uncaught exception) at /home/soufian/Web/symfony/app/cache/prod/classes.php line 4584 [] []
[2012-08-04 15:04:06] request.ERROR: Symfony\Component\HttpKernel\Exception\NotFoundHttpException: No route found for "GET /bundles/framework/images/exception_detected.gif" (uncaught exception) at /home/soufian/Web/symfony/vendor/symfony/src/Symfony/Bundle/FrameworkBundle/EventListener/RouterListener.php line 83 [] []
[2012-08-04 15:04:06] request.ERROR: Symfony\Component\HttpKernel\Exception\NotFoundHttpException: No route found for "GET /bundles/framework/images/open_quote.gif" (uncaught exception) at /home/soufian/Web/symfony/vendor/symfony/src/Symfony/Bundle/FrameworkBundle/EventListener/RouterListener.php line 83 [] []
[2012-08-04 15:04:06] request.ERROR: Symfony\Component\HttpKernel\Exception\NotFoundHttpException: No route found for "GET /bundles/framework/images/blue_picto_less.gif" (uncaught exception) at /home/soufian/Web/symfony/app/cache/prod/classes.php line 4584 [] []
[2012-08-04 15:04:06] request.ERROR: Symfony\Component\HttpKernel\Exception\NotFoundHttpException: No route found for "GET /bundles/framework/images/blue_picto_more.gif" (uncaught exception) at /home/soufian/Web/symfony/app/cache/prod/classes.php line 4584 [] []
[2012-08-04 15:04:06] request.ERROR: Symfony\Component\HttpKernel\Exception\NotFoundHttpException: No route found for "GET /bundles/framework/css/exception.css" (uncaught exception) at /home/soufian/Web/symfony/vendor/symfony/src/Symfony/Bundle/FrameworkBundle/EventListener/RouterListener.php line 83 [] []
[2012-08-04 15:04:06] request.ERROR: Symfony\Component\HttpKernel\Exception\NotFoundHttpException: No route found for "GET /bundles/framework/images/grey_magnifier.png" (uncaught exception) at /home/soufian/Web/symfony/vendor/symfony/src/Symfony/Bundle/FrameworkBundle/EventListener/RouterListener.php line 83 [] []
[2012-08-04 15:04:06] request.ERROR: Symfony\Component\HttpKernel\Exception\NotFoundHttpException: No route found for "GET /bundles/framework/images/logo_symfony.gif" (uncaught exception) at /home/soufian/Web/symfony/vendor/symfony/src/Symfony/Bundle/FrameworkBundle/EventListener/RouterListener.php line 83 [] []
[2012-08-04 15:05:22] request.ERROR: Symfony\Component\HttpKernel\Exception\NotFoundHttpException: No route found for "GET /bundles/framework/css/exception_layout.css" (uncaught exception) at /home/soufian/Web/symfony/app/cache/prod/classes.php line 4584 [] []
[2012-08-04 15:05:22] request.ERROR: Symfony\Component\HttpKernel\Exception\NotFoundHttpException: No route found for "GET /bundles/framework/css/exception.css" (uncaught exception) at /home/soufian/Web/symfony/app/cache/prod/classes.php line 4584 [] []
[2012-08-04 15:05:22] request.ERROR: Symfony\Component\HttpKernel\Exception\NotFoundHttpException: No route found for "GET /bundles/framework/images/logo_symfony.gif" (uncaught exception) at /home/soufian/Web/symfony/app/cache/prod/classes.php line 4584 [] []
[2012-08-04 15:05:22] request.ERROR: Symfony\Component\HttpKernel\Exception\NotFoundHttpException: No route found for "GET /bundles/framework/images/blue_picto_less.gif" (uncaught exception) at /home/soufian/Web/symfony/app/cache/prod/classes.php line 4584 [] []
[2012-08-04 15:05:22] request.ERROR: Symfony\Component\HttpKernel\Exception\NotFoundHttpException: No route found for "GET /bundles/framework/images/open_quote.gif" (uncaught exception) at /home/soufian/Web/symfony/app/cache/prod/classes.php line 4584 [] []
[2012-08-04 15:05:22] request.ERROR: Symfony\Component\HttpKernel\Exception\NotFoundHttpException: No route found for "GET /bundles/framework/images/grey_magnifier.png" (uncaught exception) at /home/soufian/Web/symfony/app/cache/prod/classes.php line 4584 [] []
[2012-08-04 15:05:22] request.ERROR: Symfony\Component\HttpKernel\Exception\NotFoundHttpException: No route found for "GET /bundles/framework/images/blue_picto_more.gif" (uncaught exception) at /home/soufian/Web/symfony/app/cache/prod/classes.php line 4584 [] []
[2012-08-04 15:05:22] request.ERROR: Symfony\Component\HttpKernel\Exception\NotFoundHttpException: No route found for "GET /bundles/framework/images/close_quote.gif" (uncaught exception) at /home/soufian/Web/symfony/app/cache/prod/classes.php line 4584 [] []
[2012-08-04 15:05:22] request.ERROR: Symfony\Component\HttpKernel\Exception\NotFoundHttpException: No route found for "GET /bundles/framework/images/exception_detected.gif" (uncaught exception) at /home/soufian/Web/symfony/app/cache/prod/classes.php line 4584 [] []
[2012-08-04 15:08:02] request.ERROR: Symfony\Component\HttpKernel\Exception\NotFoundHttpException: No route found for "GET /bundles/framework/css/exception_layout.css" (uncaught exception) at /home/soufian/Web/symfony/app/cache/prod/classes.php line 4584 [] []
[2012-08-04 15:08:02] request.ERROR: Symfony\Component\HttpKernel\Exception\NotFoundHttpException: No route found for "GET /bundles/framework/images/logo_symfony.gif" (uncaught exception) at /home/soufian/Web/symfony/app/cache/prod/classes.php line 4584 [] []
[2012-08-04 15:08:02] request.ERROR: Symfony\Component\HttpKernel\Exception\NotFoundHttpException: No route found for "GET /bundles/framework/css/exception.css" (uncaught exception) at /home/soufian/Web/symfony/app/cache/prod/classes.php line 4584 [] []
[2012-08-04 15:08:02] request.ERROR: Symfony\Component\HttpKernel\Exception\NotFoundHttpException: No route found for "GET /bundles/framework/images/grey_magnifier.png" (uncaught exception) at /home/soufian/Web/symfony/app/cache/prod/classes.php line 4584 [] []
[2012-08-04 15:08:02] request.ERROR: Symfony\Component\HttpKernel\Exception\NotFoundHttpException: No route found for "GET /bundles/framework/images/close_quote.gif" (uncaught exception) at /home/soufian/Web/symfony/app/cache/prod/classes.php line 4584 [] []
[2012-08-04 15:08:02] request.ERROR: Symfony\Component\HttpKernel\Exception\NotFoundHttpException: No route found for "GET /bundles/framework/images/blue_picto_more.gif" (uncaught exception) at /home/soufian/Web/symfony/app/cache/prod/classes.php line 4584 [] []
[2012-08-04 15:08:02] request.ERROR: Symfony\Component\HttpKernel\Exception\NotFoundHttpException: No route found for "GET /bundles/framework/images/open_quote.gif" (uncaught exception) at /home/soufian/Web/symfony/app/cache/prod/classes.php line 4584 [] []
[2012-08-04 15:08:02] request.ERROR: Symfony\Component\HttpKernel\Exception\NotFoundHttpException: No route found for "GET /bundles/framework/images/blue_picto_less.gif" (uncaught exception) at /home/soufian/Web/symfony/app/cache/prod/classes.php line 4584 [] []
[2012-08-04 15:08:02] request.ERROR: Symfony\Component\HttpKernel\Exception\NotFoundHttpException: No route found for "GET /bundles/framework/images/exception_detected.gif" (uncaught exception) at /home/soufian/Web/symfony/app/cache/prod/classes.php line 4584 [] []
[2012-08-04 15:08:34] request.ERROR: Symfony\Component\HttpKernel\Exception\NotFoundHttpException: No route found for "GET /bundles/framework/css/exception_layout.css" (uncaught exception) at /home/soufian/Web/symfony/app/cache/prod/classes.php line 4584 [] []
[2012-08-04 15:08:34] request.ERROR: Symfony\Component\HttpKernel\Exception\NotFoundHttpException: No route found for "GET /bundles/framework/css/exception.css" (uncaught exception) at /home/soufian/Web/symfony/app/cache/prod/classes.php line 4584 [] []
[2012-08-04 15:08:34] request.ERROR: Symfony\Component\HttpKernel\Exception\NotFoundHttpException: No route found for "GET /bundles/framework/images/logo_symfony.gif" (uncaught exception) at /home/soufian/Web/symfony/app/cache/prod/classes.php line 4584 [] []
[2012-08-04 15:08:34] request.ERROR: Symfony\Component\HttpKernel\Exception\NotFoundHttpException: No route found for "GET /bundles/framework/images/grey_magnifier.png" (uncaught exception) at /home/soufian/Web/symfony/app/cache/prod/classes.php line 4584 [] []
[2012-08-04 15:08:34] request.ERROR: Symfony\Component\HttpKernel\Exception\NotFoundHttpException: No route found for "GET /bundles/framework/images/exception_detected.gif" (uncaught exception) at /home/soufian/Web/symfony/app/cache/prod/classes.php line 4584 [] []
[2012-08-04 15:08:34] request.ERROR: Symfony\Component\HttpKernel\Exception\NotFoundHttpException: No route found for "GET /bundles/framework/images/close_quote.gif" (uncaught exception) at /home/soufian/Web/symfony/app/cache/prod/classes.php line 4584 [] []
[2012-08-04 15:08:34] request.ERROR: Symfony\Component\HttpKernel\Exception\NotFoundHttpException: No route found for "GET /bundles/framework/images/blue_picto_more.gif" (uncaught exception) at /home/soufian/Web/symfony/app/cache/prod/classes.php line 4584 [] []
[2012-08-04 15:08:34] request.ERROR: Symfony\Component\HttpKernel\Exception\NotFoundHttpException: No route found for "GET /bundles/framework/images/blue_picto_less.gif" (uncaught exception) at /home/soufian/Web/symfony/app/cache/prod/classes.php line 4584 [] []
[2012-08-04 15:08:34] request.ERROR: Symfony\Component\HttpKernel\Exception\NotFoundHttpException: No route found for "GET /bundles/framework/images/open_quote.gif" (uncaught exception) at /home/soufian/Web/symfony/app/cache/prod/classes.php line 4584 [] []
[2012-08-04 15:09:29] request.ERROR: Symfony\Component\HttpKernel\Exception\NotFoundHttpException: No route found for "GET /bundles/framework/css/exception_layout.css" (uncaught exception) at /home/soufian/Web/symfony/app/cache/prod/classes.php line 4584 [] []
[2012-08-04 15:09:29] request.ERROR: Symfony\Component\HttpKernel\Exception\NotFoundHttpException: No route found for "GET /bundles/framework/css/exception.css" (uncaught exception) at /home/soufian/Web/symfony/app/cache/prod/classes.php line 4584 [] []
[2012-08-04 15:09:29] request.ERROR: Symfony\Component\HttpKernel\Exception\NotFoundHttpException: No route found for "GET /bundles/framework/images/logo_symfony.gif" (uncaught exception) at /home/soufian/Web/symfony/app/cache/prod/classes.php line 4584 [] []
[2012-08-04 15:09:29] request.ERROR: Symfony\Component\HttpKernel\Exception\NotFoundHttpException: No route found for "GET /bundles/framework/images/exception_detected.gif" (uncaught exception) at /home/soufian/Web/symfony/app/cache/prod/classes.php line 4584 [] []
[2012-08-04 15:09:29] request.ERROR: Symfony\Component\HttpKernel\Exception\NotFoundHttpException: No route found for "GET /bundles/framework/images/open_quote.gif" (uncaught exception) at /home/soufian/Web/symfony/app/cache/prod/classes.php line 4584 [] []
[2012-08-04 15:09:29] request.ERROR: Symfony\Component\HttpKernel\Exception\NotFoundHttpException: No route found for "GET /bundles/framework/images/blue_picto_less.gif" (uncaught exception) at /home/soufian/Web/symfony/app/cache/prod/classes.php line 4584 [] []
[2012-08-04 15:09:29] request.ERROR: Symfony\Component\HttpKernel\Exception\NotFoundHttpException: No route found for "GET /bundles/framework/images/blue_picto_more.gif" (uncaught exception) at /home/soufian/Web/symfony/app/cache/prod/classes.php line 4584 [] []
[2012-08-04 15:09:29] request.ERROR: Symfony\Component\HttpKernel\Exception\NotFoundHttpException: No route found for "GET /bundles/framework/images/grey_magnifier.png" (uncaught exception) at /home/soufian/Web/symfony/app/cache/prod/classes.php line 4584 [] []
[2012-08-04 15:09:29] request.ERROR: Symfony\Component\HttpKernel\Exception\NotFoundHttpException: No route found for "GET /bundles/framework/images/close_quote.gif" (uncaught exception) at /home/soufian/Web/symfony/app/cache/prod/classes.php line 4584 [] []
[2012-08-04 15:10:15] request.ERROR: Symfony\Component\HttpKernel\Exception\NotFoundHttpException: No route found for "GET /bundles/framework/css/exception_layout.css" (uncaught exception) at /home/soufian/Web/symfony/app/cache/prod/classes.php line 4584 [] []
[2012-08-04 15:10:15] request.ERROR: Symfony\Component\HttpKernel\Exception\NotFoundHttpException: No route found for "GET /bundles/framework/css/exception.css" (uncaught exception) at /home/soufian/Web/symfony/app/cache/prod/classes.php line 4584 [] []
[2012-08-04 15:10:15] request.ERROR: Symfony\Component\HttpKernel\Exception\NotFoundHttpException: No route found for "GET /bundles/framework/images/grey_magnifier.png" (uncaught exception) at /home/soufian/Web/symfony/app/cache/prod/classes.php line 4584 [] []
[2012-08-04 15:10:15] request.ERROR: Symfony\Component\HttpKernel\Exception\NotFoundHttpException: No route found for "GET /bundles/framework/images/logo_symfony.gif" (uncaught exception) at /home/soufian/Web/symfony/app/cache/prod/classes.php line 4584 [] []
[2012-08-04 15:10:15] request.ERROR: Symfony\Component\HttpKernel\Exception\NotFoundHttpException: No route found for "GET /bundles/framework/images/exception_detected.gif" (uncaught exception) at /home/soufian/Web/symfony/app/cache/prod/classes.php line 4584 [] []
[2012-08-04 15:10:15] request.ERROR: Symfony\Component\HttpKernel\Exception\NotFoundHttpException: No route found for "GET /bundles/framework/images/blue_picto_less.gif" (uncaught exception) at /home/soufian/Web/symfony/app/cache/prod/classes.php line 4584 [] []
[2012-08-04 15:10:15] request.ERROR: Symfony\Component\HttpKernel\Exception\NotFoundHttpException: No route found for "GET /bundles/framework/images/close_quote.gif" (uncaught exception) at /home/soufian/Web/symfony/app/cache/prod/classes.php line 4584 [] []
[2012-08-04 15:10:15] request.ERROR: Symfony\Component\HttpKernel\Exception\NotFoundHttpException: No route found for "GET /bundles/framework/images/open_quote.gif" (uncaught exception) at /home/soufian/Web/symfony/app/cache/prod/classes.php line 4584 [] []
[2012-08-04 15:10:15] request.ERROR: Symfony\Component\HttpKernel\Exception\NotFoundHttpException: No route found for "GET /bundles/framework/images/blue_picto_more.gif" (uncaught exception) at /home/soufian/Web/symfony/app/cache/prod/classes.php line 4584 [] []
[2012-08-04 15:11:03] request.ERROR: Symfony\Component\HttpKernel\Exception\NotFoundHttpException: No route found for "GET /bundles/framework/css/exception.css" (uncaught exception) at /home/soufian/Web/symfony/app/cache/prod/classes.php line 4584 [] []
[2012-08-04 15:11:03] request.ERROR: Symfony\Component\HttpKernel\Exception\NotFoundHttpException: No route found for "GET /bundles/framework/images/logo_symfony.gif" (uncaught exception) at /home/soufian/Web/symfony/app/cache/prod/classes.php line 4584 [] []
[2012-08-04 15:11:03] request.ERROR: Symfony\Component\HttpKernel\Exception\NotFoundHttpException: No route found for "GET /bundles/framework/images/close_quote.gif" (uncaught exception) at /home/soufian/Web/symfony/app/cache/prod/classes.php line 4584 [] []
[2012-08-04 15:11:03] request.ERROR: Symfony\Component\HttpKernel\Exception\NotFoundHttpException: No route found for "GET /bundles/framework/images/open_quote.gif" (uncaught exception) at /home/soufian/Web/symfony/app/cache/prod/classes.php line 4584 [] []
[2012-08-04 15:11:03] request.ERROR: Symfony\Component\HttpKernel\Exception\NotFoundHttpException: No route found for "GET /bundles/framework/images/exception_detected.gif" (uncaught exception) at /home/soufian/Web/symfony/app/cache/prod/classes.php line 4584 [] []
[2012-08-04 15:11:03] request.ERROR: Symfony\Component\HttpKernel\Exception\NotFoundHttpException: No route found for "GET /bundles/framework/images/blue_picto_more.gif" (uncaught exception) at /home/soufian/Web/symfony/app/cache/prod/classes.php line 4584 [] []
[2012-08-04 15:11:03] request.ERROR: Symfony\Component\HttpKernel\Exception\NotFoundHttpException: No route found for "GET /bundles/framework/css/exception_layout.css" (uncaught exception) at /home/soufian/Web/symfony/app/cache/prod/classes.php line 4584 [] []
[2012-08-04 15:11:03] request.ERROR: Symfony\Component\HttpKernel\Exception\NotFoundHttpException: No route found for "GET /bundles/framework/images/grey_magnifier.png" (uncaught exception) at /home/soufian/Web/symfony/app/cache/prod/classes.php line 4584 [] []
[2012-08-04 15:11:03] request.ERROR: Symfony\Component\HttpKernel\Exception\NotFoundHttpException: No route found for "GET /bundles/framework/images/blue_picto_less.gif" (uncaught exception) at /home/soufian/Web/symfony/app/cache/prod/classes.php line 4584 [] []
[2012-08-04 15:12:29] request.ERROR: Symfony\Component\HttpKernel\Exception\NotFoundHttpException: No route found for "GET /bundles/framework/css/exception_layout.css" (uncaught exception) at /home/soufian/Web/symfony/app/cache/prod/classes.php line 4584 [] []
[2012-08-04 15:12:29] request.ERROR: Symfony\Component\HttpKernel\Exception\NotFoundHttpException: No route found for "GET /bundles/framework/images/grey_magnifier.png" (uncaught exception) at /home/soufian/Web/symfony/app/cache/prod/classes.php line 4584 [] []
[2012-08-04 15:12:29] request.ERROR: Symfony\Component\HttpKernel\Exception\NotFoundHttpException: No route found for "GET /bundles/framework/images/logo_symfony.gif" (uncaught exception) at /home/soufian/Web/symfony/app/cache/prod/classes.php line 4584 [] []
[2012-08-04 15:12:29] request.ERROR: Symfony\Component\HttpKernel\Exception\NotFoundHttpException: No route found for "GET /bundles/framework/images/blue_picto_less.gif" (uncaught exception) at /home/soufian/Web/symfony/app/cache/prod/classes.php line 4584 [] []
[2012-08-04 15:12:29] request.ERROR: Symfony\Component\HttpKernel\Exception\NotFoundHttpException: No route found for "GET /bundles/framework/images/exception_detected.gif" (uncaught exception) at /home/soufian/Web/symfony/app/cache/prod/classes.php line 4584 [] []
[2012-08-04 15:12:29] request.ERROR: Symfony\Component\HttpKernel\Exception\NotFoundHttpException: No route found for "GET /bundles/framework/images/open_quote.gif" (uncaught exception) at /home/soufian/Web/symfony/app/cache/prod/classes.php line 4584 [] []
[2012-08-04 15:12:29] request.ERROR: Symfony\Component\HttpKernel\Exception\NotFoundHttpException: No route found for "GET /bundles/framework/images/blue_picto_more.gif" (uncaught exception) at /home/soufian/Web/symfony/app/cache/prod/classes.php line 4584 [] []
[2012-08-04 15:12:29] request.ERROR: Symfony\Component\HttpKernel\Exception\NotFoundHttpException: No route found for "GET /bundles/framework/css/exception.css" (uncaught exception) at /home/soufian/Web/symfony/app/cache/prod/classes.php line 4584 [] []
[2012-08-04 15:12:29] request.ERROR: Symfony\Component\HttpKernel\Exception\NotFoundHttpException: No route found for "GET /bundles/framework/images/close_quote.gif" (uncaught exception) at /home/soufian/Web/symfony/app/cache/prod/classes.php line 4584 [] []
[2012-08-04 15:17:02] request.ERROR: Symfony\Component\HttpKernel\Exception\NotFoundHttpException: No route found for "GET /bundles/framework/css/exception_layout.css" (uncaught exception) at /home/soufian/Web/symfony/app/cache/prod/classes.php line 4584 [] []
[2012-08-04 15:17:02] request.ERROR: Symfony\Component\HttpKernel\Exception\NotFoundHttpException: No route found for "GET /bundles/framework/css/exception.css" (uncaught exception) at /home/soufian/Web/symfony/app/cache/prod/classes.php line 4584 [] []
[2012-08-04 15:17:02] request.ERROR: Symfony\Component\HttpKernel\Exception\NotFoundHttpException: No route found for "GET /bundles/framework/images/logo_symfony.gif" (uncaught exception) at /home/soufian/Web/symfony/app/cache/prod/classes.php line 4584 [] []
[2012-08-04 15:17:02] request.ERROR: Symfony\Component\HttpKernel\Exception\NotFoundHttpException: No route found for "GET /bundles/framework/images/open_quote.gif" (uncaught exception) at /home/soufian/Web/symfony/app/cache/prod/classes.php line 4584 [] []
[2012-08-04 15:17:02] request.ERROR: Symfony\Component\HttpKernel\Exception\NotFoundHttpException: No route found for "GET /bundles/framework/images/blue_picto_more.gif" (uncaught exception) at /home/soufian/Web/symfony/app/cache/prod/classes.php line 4584 [] []
[2012-08-04 15:17:02] request.ERROR: Symfony\Component\HttpKernel\Exception\NotFoundHttpException: No route found for "GET /bundles/framework/images/close_quote.gif" (uncaught exception) at /home/soufian/Web/symfony/app/cache/prod/classes.php line 4584 [] []
[2012-08-04 15:17:02] request.ERROR: Symfony\Component\HttpKernel\Exception\NotFoundHttpException: No route found for "GET /bundles/framework/images/blue_picto_less.gif" (uncaught exception) at /home/soufian/Web/symfony/app/cache/prod/classes.php line 4584 [] []
[2012-08-04 15:17:02] request.ERROR: Symfony\Component\HttpKernel\Exception\NotFoundHttpException: No route found for "GET /bundles/framework/images/grey_magnifier.png" (uncaught exception) at /home/soufian/Web/symfony/app/cache/prod/classes.php line 4584 [] []
[2012-08-04 15:17:02] request.ERROR: Symfony\Component\HttpKernel\Exception\NotFoundHttpException: No route found for "GET /bundles/framework/images/exception_detected.gif" (uncaught exception) at /home/soufian/Web/symfony/app/cache/prod/classes.php line 4584 [] []
[2012-08-04 15:17:57] request.ERROR: Symfony\Component\HttpKernel\Exception\NotFoundHttpException: No route found for "GET /creator" (uncaught exception) at /home/soufian/Web/symfony/app/cache/prod/classes.php line 4584 [] []
[2012-08-04 15:18:08] request.ERROR: Symfony\Component\HttpKernel\Exception\NotFoundHttpException: No route found for "GET /appphp/creator" (uncaught exception) at /home/soufian/Web/symfony/app/cache/prod/classes.php line 4584 [] []
[2012-08-04 15:18:11] request.ERROR: Symfony\Component\HttpKernel\Exception\NotFoundHttpException: No route found for "GET /creator" (uncaught exception) at /home/soufian/Web/symfony/app/cache/prod/classes.php line 4584 [] []
[2012-08-04 15:18:19] request.ERROR: Symfony\Component\HttpKernel\Exception\NotFoundHttpException: No route found for "GET /creator" (uncaught exception) at /home/soufian/Web/symfony/app/cache/prod/classes.php line 4584 [] []
[2012-08-04 15:18:20] request.ERROR: Symfony\Component\HttpKernel\Exception\NotFoundHttpException: No route found for "GET /creator" (uncaught exception) at /home/soufian/Web/symfony/app/cache/prod/classes.php line 4584 [] []
[2012-08-04 15:24:44] request.ERROR: Symfony\Component\HttpKernel\Exception\NotFoundHttpException: No route found for "GET /js/lib/jquery-ui-1.8.21.custom.min.js" (uncaught exception) at /home/soufian/Web/symfony/app/cache/prod/classes.php line 4584 [] []
[2012-08-04 15:24:44] request.ERROR: Symfony\Component\HttpKernel\Exception\NotFoundHttpException: No route found for "GET /fonts/font/fontawesome-webfont.woff" (uncaught exception) at /home/soufian/Web/symfony/app/cache/prod/classes.php line 4584 [] []
[2012-08-04 15:24:49] request.ERROR: Symfony\Component\HttpKernel\Exception\NotFoundHttpException: No route found for "GET /js/lib/jquery-ui-1.8.21.custom.min.js" (uncaught exception) at /home/soufian/Web/symfony/app/cache/prod/classes.php line 4584 [] []
[2012-08-04 15:24:49] request.ERROR: Symfony\Component\HttpKernel\Exception\NotFoundHttpException: No route found for "GET /fonts/font/fontawesome-webfont.woff" (uncaught exception) at /home/soufian/Web/symfony/app/cache/prod/classes.php line 4584 [] []
[2012-08-04 15:24:50] request.ERROR: Symfony\Component\HttpKernel\Exception\NotFoundHttpException: No route found for "GET /js/lib/jquery-ui-1.8.21.custom.min.js" (uncaught exception) at /home/soufian/Web/symfony/app/cache/prod/classes.php line 4584 [] []
[2012-08-04 15:24:50] request.ERROR: Symfony\Component\HttpKernel\Exception\NotFoundHttpException: No route found for "GET /fonts/font/fontawesome-webfont.woff" (uncaught exception) at /home/soufian/Web/symfony/app/cache/prod/classes.php line 4584 [] []
[2012-08-04 15:24:52] request.ERROR: Symfony\Component\HttpKernel\Exception\NotFoundHttpException: No route found for "GET /js/lib/jquery-ui-1.8.21.custom.min.js" (uncaught exception) at /home/soufian/Web/symfony/app/cache/prod/classes.php line 4584 [] []
[2012-08-04 15:24:52] request.ERROR: Symfony\Component\HttpKernel\Exception\NotFoundHttpException: No route found for "GET /fonts/font/fontawesome-webfont.woff" (uncaught exception) at /home/soufian/Web/symfony/app/cache/prod/classes.php line 4584 [] []
[2012-08-04 15:24:55] request.ERROR: Symfony\Component\HttpKernel\Exception\NotFoundHttpException: No route found for "GET /js/lib/jquery-ui-1.8.21.custom.min.js" (uncaught exception) at /home/soufian/Web/symfony/app/cache/prod/classes.php line 4584 [] []
[2012-08-04 15:24:55] request.ERROR: Symfony\Component\HttpKernel\Exception\NotFoundHttpException: No route found for "GET /fonts/font/fontawesome-webfont.woff" (uncaught exception) at /home/soufian/Web/symfony/app/cache/prod/classes.php line 4584 [] []
[2012-08-04 15:25:18] request.ERROR: Symfony\Component\HttpKernel\Exception\NotFoundHttpException: No route found for "GET /js/lib/jquery-ui-1.8.21.custom.min.js" (uncaught exception) at /home/soufian/Web/symfony/app/cache/prod/classes.php line 4584 [] []
[2012-08-04 15:25:18] request.ERROR: Symfony\Component\HttpKernel\Exception\NotFoundHttpException: No route found for "GET /fonts/font/fontawesome-webfont.woff" (uncaught exception) at /home/soufian/Web/symfony/app/cache/prod/classes.php line 4584 [] []
[2012-08-04 15:25:21] request.ERROR: Symfony\Component\HttpKernel\Exception\NotFoundHttpException: No route found for "GET /js/lib/jquery-ui-1.8.21.custom.min.js" (uncaught exception) at /home/soufian/Web/symfony/app/cache/prod/classes.php line 4584 [] []
[2012-08-04 15:25:21] request.ERROR: Symfony\Component\HttpKernel\Exception\NotFoundHttpException: No route found for "GET /fonts/font/fontawesome-webfont.woff" (uncaught exception) at /home/soufian/Web/symfony/app/cache/prod/classes.php line 4584 [] []
[2012-08-04 15:25:23] request.ERROR: Symfony\Component\HttpKernel\Exception\NotFoundHttpException: No route found for "GET /js/lib/jquery-ui-1.8.21.custom.min.js" (uncaught exception) at /home/soufian/Web/symfony/app/cache/prod/classes.php line 4584 [] []
[2012-08-04 15:25:23] request.ERROR: Symfony\Component\HttpKernel\Exception\NotFoundHttpException: No route found for "GET /fonts/font/fontawesome-webfont.woff" (uncaught exception) at /home/soufian/Web/symfony/app/cache/prod/classes.php line 4584 [] []
[2012-08-04 15:25:24] request.ERROR: Symfony\Component\HttpKernel\Exception\NotFoundHttpException: No route found for "GET /js/lib/jquery-ui-1.8.21.custom.min.js" (uncaught exception) at /home/soufian/Web/symfony/app/cache/prod/classes.php line 4584 [] []
[2012-08-04 15:25:24] request.ERROR: Symfony\Component\HttpKernel\Exception\NotFoundHttpException: No route found for "GET /fonts/font/fontawesome-webfont.woff" (uncaught exception) at /home/soufian/Web/symfony/app/cache/prod/classes.php line 4584 [] []
[2012-08-04 15:25:29] request.ERROR: Symfony\Component\HttpKernel\Exception\NotFoundHttpException: No route found for "GET /js/lib/jquery-ui-1.8.21.custom.min.js" (uncaught exception) at /home/soufian/Web/symfony/app/cache/prod/classes.php line 4584 [] []
[2012-08-04 15:25:29] request.ERROR: Symfony\Component\HttpKernel\Exception\NotFoundHttpException: No route found for "GET /fonts/font/fontawesome-webfont.woff" (uncaught exception) at /home/soufian/Web/symfony/app/cache/prod/classes.php line 4584 [] []
[2012-08-04 15:25:32] request.ERROR: Symfony\Component\HttpKernel\Exception\NotFoundHttpException: No route found for "GET /js/lib/jquery-ui-1.8.21.custom.min.js" (uncaught exception) at /home/soufian/Web/symfony/app/cache/prod/classes.php line 4584 [] []
[2012-08-04 15:25:32] request.ERROR: Symfony\Component\HttpKernel\Exception\NotFoundHttpException: No route found for "GET /fonts/font/fontawesome-webfont.woff" (uncaught exception) at /home/soufian/Web/symfony/app/cache/prod/classes.php line 4584 [] []
[2012-08-04 15:25:35] request.ERROR: Symfony\Component\HttpKernel\Exception\NotFoundHttpException: No route found for "GET /js/lib/jquery-ui-1.8.21.custom.min.js" (uncaught exception) at /home/soufian/Web/symfony/app/cache/prod/classes.php line 4584 [] []
[2012-08-04 15:25:35] request.ERROR: Symfony\Component\HttpKernel\Exception\NotFoundHttpException: No route found for "GET /fonts/font/fontawesome-webfont.woff" (uncaught exception) at /home/soufian/Web/symfony/app/cache/prod/classes.php line 4584 [] []
[2012-08-04 15:25:37] request.ERROR: Symfony\Component\HttpKernel\Exception\NotFoundHttpException: No route found for "GET /js/lib/jquery-ui-1.8.21.custom.min.js" (uncaught exception) at /home/soufian/Web/symfony/app/cache/prod/classes.php line 4584 [] []
[2012-08-04 15:25:37] request.ERROR: Symfony\Component\HttpKernel\Exception\NotFoundHttpException: No route found for "GET /fonts/font/fontawesome-webfont.woff" (uncaught exception) at /home/soufian/Web/symfony/app/cache/prod/classes.php line 4584 [] []
[2012-08-04 15:25:39] request.ERROR: Symfony\Component\HttpKernel\Exception\NotFoundHttpException: No route found for "GET /js/lib/jquery-ui-1.8.21.custom.min.js" (uncaught exception) at /home/soufian/Web/symfony/app/cache/prod/classes.php line 4584 [] []
[2012-08-04 15:25:40] request.ERROR: Symfony\Component\HttpKernel\Exception\NotFoundHttpException: No route found for "GET /fonts/font/fontawesome-webfont.woff" (uncaught exception) at /home/soufian/Web/symfony/app/cache/prod/classes.php line 4584 [] []
[2012-08-04 15:25:42] request.ERROR: Symfony\Component\HttpKernel\Exception\NotFoundHttpException: No route found for "GET /js/lib/jquery-ui-1.8.21.custom.min.js" (uncaught exception) at /home/soufian/Web/symfony/app/cache/prod/classes.php line 4584 [] []
[2012-08-04 15:25:42] request.ERROR: Symfony\Component\HttpKernel\Exception\NotFoundHttpException: No route found for "GET /fonts/font/fontawesome-webfont.woff" (uncaught exception) at /home/soufian/Web/symfony/app/cache/prod/classes.php line 4584 [] []
[2012-08-04 15:26:39] request.ERROR: Symfony\Component\HttpKernel\Exception\NotFoundHttpException: No route found for "GET /js/lib/jquery-ui-1.8.21.custom.min.js" (uncaught exception) at /home/soufian/Web/symfony/app/cache/prod/classes.php line 4584 [] []
[2012-08-04 15:26:39] request.ERROR: Symfony\Component\HttpKernel\Exception\NotFoundHttpException: No route found for "GET /fonts/font/fontawesome-webfont.woff" (uncaught exception) at /home/soufian/Web/symfony/app/cache/prod/classes.php line 4584 [] []
[2012-08-04 15:26:41] request.ERROR: Symfony\Component\HttpKernel\Exception\NotFoundHttpException: No route found for "GET /js/lib/jquery-ui-1.8.21.custom.min.js" (uncaught exception) at /home/soufian/Web/symfony/app/cache/prod/classes.php line 4584 [] []
[2012-08-04 15:26:42] request.ERROR: Symfony\Component\HttpKernel\Exception\NotFoundHttpException: No route found for "GET /fonts/font/fontawesome-webfont.woff" (uncaught exception) at /home/soufian/Web/symfony/app/cache/prod/classes.php line 4584 [] []
[2012-08-04 15:26:44] request.ERROR: Symfony\Component\HttpKernel\Exception\NotFoundHttpException: No route found for "GET /js/lib/jquery-ui-1.8.21.custom.min.js" (uncaught exception) at /home/soufian/Web/symfony/app/cache/prod/classes.php line 4584 [] []
[2012-08-04 15:26:44] request.ERROR: Symfony\Component\HttpKernel\Exception\NotFoundHttpException: No route found for "GET /fonts/font/fontawesome-webfont.woff" (uncaught exception) at /home/soufian/Web/symfony/app/cache/prod/classes.php line 4584 [] []
[2012-08-04 15:26:46] request.ERROR: Symfony\Component\HttpKernel\Exception\NotFoundHttpException: No route found for "GET /js/lib/jquery-ui-1.8.21.custom.min.js" (uncaught exception) at /home/soufian/Web/symfony/app/cache/prod/classes.php line 4584 [] []
[2012-08-04 15:26:46] request.ERROR: Symfony\Component\HttpKernel\Exception\NotFoundHttpException: No route found for "GET /fonts/font/fontawesome-webfont.woff" (uncaught exception) at /home/soufian/Web/symfony/app/cache/prod/classes.php line 4584 [] []
[2012-08-04 15:26:47] request.ERROR: Symfony\Component\HttpKernel\Exception\NotFoundHttpException: No route found for "GET /js/lib/jquery-ui-1.8.21.custom.min.js" (uncaught exception) at /home/soufian/Web/symfony/app/cache/prod/classes.php line 4584 [] []
[2012-08-04 15:26:47] request.ERROR: Symfony\Component\HttpKernel\Exception\NotFoundHttpException: No route found for "GET /fonts/font/fontawesome-webfont.woff" (uncaught exception) at /home/soufian/Web/symfony/app/cache/prod/classes.php line 4584 [] []
[2012-08-04 15:26:49] request.ERROR: Symfony\Component\HttpKernel\Exception\NotFoundHttpException: No route found for "GET /js/lib/jquery-ui-1.8.21.custom.min.js" (uncaught exception) at /home/soufian/Web/symfony/app/cache/prod/classes.php line 4584 [] []
[2012-08-04 15:26:49] request.ERROR: Symfony\Component\HttpKernel\Exception\NotFoundHttpException: No route found for "GET /fonts/font/fontawesome-webfont.woff" (uncaught exception) at /home/soufian/Web/symfony/app/cache/prod/classes.php line 4584 [] []
[2012-08-04 15:30:54] request.ERROR: Symfony\Component\HttpKernel\Exception\NotFoundHttpException: No route found for "GET /js/lib/jquery-ui-1.8.21.custom.min.js" (uncaught exception) at /home/soufian/Web/symfony/app/cache/prod/classes.php line 4584 [] []
[2012-08-04 15:30:54] request.ERROR: Symfony\Component\HttpKernel\Exception\NotFoundHttpException: No route found for "GET /fonts/font/fontawesome-webfont.woff" (uncaught exception) at /home/soufian/Web/symfony/app/cache/prod/classes.php line 4584 [] []
[2012-08-04 15:31:30] request.ERROR: Symfony\Component\HttpKernel\Exception\NotFoundHttpException: No route found for "GET /js/lib/jquery-ui-1.8.21.custom.min.js" (uncaught exception) at /home/soufian/Web/symfony/app/cache/prod/classes.php line 4584 [] []
[2012-08-04 15:31:30] request.ERROR: Symfony\Component\HttpKernel\Exception\NotFoundHttpException: No route found for "GET /fonts/font/fontawesome-webfont.woff" (uncaught exception) at /home/soufian/Web/symfony/app/cache/prod/classes.php line 4584 [] []
[2012-08-04 15:33:00] request.ERROR: Symfony\Component\HttpKernel\Exception\NotFoundHttpException: No route found for "GET /js/lib/jquery-ui-1.8.21.custom.min.js" (uncaught exception) at /home/soufian/Web/symfony/app/cache/prod/classes.php line 4584 [] []
[2012-08-04 15:33:00] request.ERROR: Symfony\Component\HttpKernel\Exception\NotFoundHttpException: No route found for "GET /fonts/font/fontawesome-webfont.woff" (uncaught exception) at /home/soufian/Web/symfony/app/cache/prod/classes.php line 4584 [] []
[2012-08-04 15:33:16] request.ERROR: Symfony\Component\HttpKernel\Exception\NotFoundHttpException: No route found for "GET /js/lib/jquery-ui-1.8.21.custom.min.js" (uncaught exception) at /home/soufian/Web/symfony/app/cache/prod/classes.php line 4584 [] []
[2012-08-04 15:33:16] request.ERROR: Symfony\Component\HttpKernel\Exception\NotFoundHttpException: No route found for "GET /fonts/font/fontawesome-webfont.woff" (uncaught exception) at /home/soufian/Web/symfony/app/cache/prod/classes.php line 4584 [] []
[2012-08-04 15:35:43] request.ERROR: Symfony\Component\HttpKernel\Exception\NotFoundHttpException: No route found for "GET /js/lib/jquery-ui-1.8.21.custom.min.js" (uncaught exception) at /home/soufian/Web/symfony/app/cache/prod/classes.php line 4584 [] []
[2012-08-04 15:35:43] request.ERROR: Symfony\Component\HttpKernel\Exception\NotFoundHttpException: No route found for "GET /fonts/font/fontawesome-webfont.woff" (uncaught exception) at /home/soufian/Web/symfony/app/cache/prod/classes.php line 4584 [] []
[2012-08-04 15:35:47] request.ERROR: Symfony\Component\HttpKernel\Exception\NotFoundHttpException: No route found for "GET /js/lib/jquery-ui-1.8.21.custom.min.js" (uncaught exception) at /home/soufian/Web/sf-template/app/cache/prod/classes.php line 4584 [] []
[2012-08-04 15:35:48] request.ERROR: Symfony\Component\HttpKernel\Exception\NotFoundHttpException: No route found for "GET /fonts/font/fontawesome-webfont.woff" (uncaught exception) at /home/soufian/Web/sf-template/app/cache/prod/classes.php line 4584 [] []
[2012-08-04 15:35:50] request.ERROR: Symfony\Component\HttpKernel\Exception\NotFoundHttpException: No route found for "GET /creator" (uncaught exception) at /home/soufian/Web/sf-template/app/cache/prod/classes.php line 4584 [] []
[2012-08-04 15:36:32] request.ERROR: Symfony\Component\HttpKernel\Exception\NotFoundHttpException: No route found for "GET /creator" (uncaught exception) at /home/soufian/Web/sf-template/app/cache/prod/classes.php line 4584 [] []
[2012-08-04 15:36:32] request.ERROR: Symfony\Component\HttpKernel\Exception\NotFoundHttpException: No route found for "GET /creator" (uncaught exception) at /home/soufian/Web/sf-template/app/cache/prod/classes.php line 4584 [] []
[2012-08-04 15:36:32] request.ERROR: Symfony\Component\HttpKernel\Exception\NotFoundHttpException: No route found for "GET /creator" (uncaught exception) at /home/soufian/Web/sf-template/app/cache/prod/classes.php line 4584 [] []
[2012-08-04 15:36:33] request.ERROR: Symfony\Component\HttpKernel\Exception\NotFoundHttpException: No route found for "GET /creator" (uncaught exception) at /home/soufian/Web/sf-template/app/cache/prod/classes.php line 4584 [] []
[2012-08-04 15:36:33] request.ERROR: Symfony\Component\HttpKernel\Exception\NotFoundHttpException: No route found for "GET /creator" (uncaught exception) at /home/soufian/Web/sf-template/app/cache/prod/classes.php line 4584 [] []
[2012-08-04 15:37:02] request.ERROR: Symfony\Component\HttpKernel\Exception\NotFoundHttpException: No route found for "GET /creator" (uncaught exception) at /home/soufian/Web/sf-template/app/cache/prod/classes.php line 4584 [] []
[2012-08-04 15:37:03] request.ERROR: Symfony\Component\HttpKernel\Exception\NotFoundHttpException: No route found for "GET /creator" (uncaught exception) at /home/soufian/Web/sf-template/app/cache/prod/classes.php line 4584 [] []
[2012-08-04 15:37:03] request.ERROR: Symfony\Component\HttpKernel\Exception\NotFoundHttpException: No route found for "GET /creator" (uncaught exception) at /home/soufian/Web/sf-template/app/cache/prod/classes.php line 4584 [] []
[2012-08-04 15:37:03] request.ERROR: Symfony\Component\HttpKernel\Exception\NotFoundHttpException: No route found for "GET /creator" (uncaught exception) at /home/soufian/Web/sf-template/app/cache/prod/classes.php line 4584 [] []
[2012-08-04 15:37:44] request.ERROR: Symfony\Component\HttpKernel\Exception\NotFoundHttpException: No route found for "GET /creator" (uncaught exception) at /home/soufian/Web/sf-template/app/cache/prod/classes.php line 4584 [] []
[2012-08-04 15:37:44] request.ERROR: Symfony\Component\HttpKernel\Exception\NotFoundHttpException: No route found for "GET /creator" (uncaught exception) at /home/soufian/Web/sf-template/app/cache/prod/classes.php line 4584 [] []
[2012-08-04 15:37:44] request.ERROR: Symfony\Component\HttpKernel\Exception\NotFoundHttpException: No route found for "GET /creator" (uncaught exception) at /home/soufian/Web/sf-template/app/cache/prod/classes.php line 4584 [] []
[2012-08-04 15:37:45] request.ERROR: Symfony\Component\HttpKernel\Exception\NotFoundHttpException: No route found for "GET /creator" (uncaught exception) at /home/soufian/Web/sf-template/app/cache/prod/classes.php line 4584 [] []
[2012-08-04 15:37:45] request.ERROR: Symfony\Component\HttpKernel\Exception\NotFoundHttpException: No route found for "GET /creator" (uncaught exception) at /home/soufian/Web/sf-template/app/cache/prod/classes.php line 4584 [] []
[2012-08-31 21:40:14] request.ERROR: Symfony\Component\HttpKernel\Exception\NotFoundHttpException: No route found for "GET /" (uncaught exception) at /home/soufian/Web/symfony/app/cache/prod/classes.php line 4584 [] []
[2012-09-09 15:27:09] request.ERROR: Symfony\Component\HttpKernel\Exception\NotFoundHttpException: No route found for "GET /" (uncaught exception) at /home/soufian/Web/symfony/app/cache/prod/classes.php line 4584 [] []
[2012-09-09 15:27:13] request.ERROR: Symfony\Component\HttpKernel\Exception\NotFoundHttpException: No route found for "GET /" (uncaught exception) at /home/soufian/Web/symfony/app/cache/prod/classes.php line 4584 [] []
